"Severity","ThreadID","Date","Time","Application","Message"
"ERROR","web-0","01/02/2013","09:23:25","mail spooler","Could not connect to SMTP host: localhost, port: 25;
  nested exception is:
	java.net.ConnectException: Connection refused"
"ERROR","web-0","01/02/2013","09:23:25","mail spooler","Could not connect to SMTP host: localhost, port: 25;
  nested exception is:
	java.net.ConnectException: Connection refused"
"ERROR","web-0","01/02/2013","09:26:39","mail spooler","Could not connect to SMTP host: localhost, port: 25;
  nested exception is:
	java.net.ConnectException: Connection refused"
"ERROR","web-0","01/02/2013","09:27:03","mail spooler","Could not connect to SMTP host: localhost, port: 25;
  nested exception is:
	java.net.ConnectException: Connection refused"
"ERROR","web-0","01/02/2013","09:27:03","mail spooler","Could not connect to SMTP host: localhost, port: 25;
  nested exception is:
	java.net.ConnectException: Connection refused"
"ERROR","web-0","01/02/2013","09:28:25","mail spooler","Could not connect to SMTP host: localhost, port: 25;
  nested exception is:
	java.net.ConnectException: Connection refused"
"ERROR","web-0","01/02/2013","09:28:25","mail spooler","Could not connect to SMTP host: localhost, port: 25;
  nested exception is:
	java.net.ConnectException: Connection refused"
"ERROR","web-0","01/02/2013","09:29:36","mail spooler","Could not connect to SMTP host: localhost, port: 25;
  nested exception is:
	java.net.ConnectException: Connection refused"
"ERROR","web-0","01/02/2013","09:29:37","mail spooler","Could not connect to SMTP host: localhost, port: 25;
  nested exception is:
	java.net.ConnectException: Connection refused"
"ERROR","web-0","02/12/2013","21:38:24","mail spooler","timeout occurred after 30 seconds while sending mail message"
"ERROR","web-0","02/12/2013","21:43:54","mail spooler","timeout occurred after 30 seconds while sending mail message"
"ERROR","web-0","02/12/2013","21:45:01","mail spooler","timeout occurred after 30 seconds while sending mail message"
"ERROR","web-0","02/12/2013","21:50:01","mail spooler","503 5.5.0 Sender already specified
"
"ERROR","web-0","02/12/2013","21:50:33","mail spooler","timeout occurred after 30 seconds while sending mail message"
"ERROR","web-0","02/12/2013","21:51:09","mail spooler","timeout occurred after 30 seconds while sending mail message"
"ERROR","web-0","02/12/2013","21:56:03","mail spooler","timeout occurred after 30 seconds while sending mail message"
"ERROR","web-0","02/12/2013","21:56:39","mail spooler","timeout occurred after 30 seconds while sending mail message"
"ERROR","web-0","02/12/2013","21:57:33","mail spooler","timeout occurred after 30 seconds while sending mail message"
"ERROR","web-0","02/12/2013","21:59:23","mail spooler","timeout occurred after 30 seconds while sending mail message"
"ERROR","web-0","02/12/2013","22:02:54","mail spooler","timeout occurred after 30 seconds while sending mail message"
"ERROR","web-0","02/12/2013","22:04:53","mail spooler","timeout occurred after 30 seconds while sending mail message"
"ERROR","web-0","02/12/2013","22:07:50","mail spooler","timeout occurred after 30 seconds while sending mail message"
"ERROR","web-0","02/12/2013","22:08:20","mail spooler","timeout occurred after 30 seconds while sending mail message"
"ERROR","web-0","02/12/2013","22:08:50","mail spooler","timeout occurred after 30 seconds while sending mail message"
"ERROR","web-0","02/25/2013","21:55:41","mail spooler","timeout occurred after 30 seconds while sending mail message"
"ERROR","web-0","02/25/2013","21:56:11","mail spooler","timeout occurred after 30 seconds while sending mail message"
"ERROR","web-0","02/25/2013","22:01:11","mail spooler","timeout occurred after 30 seconds while sending mail message"
"ERROR","web-0","04/17/2013","19:07:08","mail spooler","timeout occurred after 30 seconds while sending mail message"
"ERROR","web-0","04/17/2013","19:12:38","mail spooler","timeout occurred after 30 seconds while sending mail message"
"ERROR","web-0","04/19/2013","07:59:20","mail spooler","501 5.0.0 HELO requires domain address
"
"ERROR","web-0","04/19/2013","07:59:50","mail spooler","timeout occurred after 30 seconds while sending mail message"
"ERROR","web-0","04/19/2013","08:00:00","mail spooler","501 5.0.0 HELO requires domain address
"
"ERROR","web-0","04/19/2013","08:01:01","mail spooler","timeout occurred after 30 seconds while sending mail message"
"ERROR","web-0","04/19/2013","08:01:31","mail spooler","timeout occurred after 30 seconds while sending mail message"
"ERROR","web-0","04/19/2013","08:02:01","mail spooler","timeout occurred after 30 seconds while sending mail message"
"ERROR","web-0","04/19/2013","08:04:50","mail spooler","timeout occurred after 30 seconds while sending mail message"
"ERROR","web-0","04/19/2013","08:05:20","mail spooler","timeout occurred after 30 seconds while sending mail message"
"ERROR","web-0","04/19/2013","08:05:50","mail spooler","timeout occurred after 30 seconds while sending mail message"
"ERROR","web-0","04/19/2013","08:06:31","mail spooler","timeout occurred after 30 seconds while sending mail message"
"ERROR","web-0","04/19/2013","08:07:01","mail spooler","timeout occurred after 30 seconds while sending mail message"
"ERROR","web-0","04/19/2013","08:07:32","mail spooler","timeout occurred after 30 seconds while sending mail message"
"ERROR","web-0","04/19/2013","09:05:00","mail spooler","501 5.0.0 HELO requires domain address
"
"ERROR","web-0","04/19/2013","09:05:50","mail spooler","timeout occurred after 30 seconds while sending mail message"
"ERROR","web-0","04/19/2013","09:06:20","mail spooler","timeout occurred after 30 seconds while sending mail message"
"ERROR","web-0","04/19/2013","09:07:01","mail spooler","timeout occurred after 30 seconds while sending mail message"
"ERROR","web-0","04/19/2013","09:07:32","mail spooler","timeout occurred after 30 seconds while sending mail message"
"ERROR","web-0","04/19/2013","09:08:02","mail spooler","timeout occurred after 30 seconds while sending mail message"
"ERROR","web-0","04/19/2013","09:13:51","mail spooler","501 5.0.0 HELO requires domain address
"
"ERROR","web-0","04/19/2013","09:14:21","mail spooler","timeout occurred after 30 seconds while sending mail message"
"ERROR","web-0","04/19/2013","09:14:31","mail spooler","501 5.0.0 HELO requires domain address
"
"ERROR","web-0","04/19/2013","09:15:01","mail spooler","timeout occurred after 30 seconds while sending mail message"
"ERROR","web-0","04/19/2013","09:15:31","mail spooler","timeout occurred after 30 seconds while sending mail message"
"ERROR","web-0","04/19/2013","09:16:01","mail spooler","timeout occurred after 30 seconds while sending mail message"
"ERROR","web-0","04/19/2013","09:16:31","mail spooler","timeout occurred after 30 seconds while sending mail message"
"ERROR","web-0","04/19/2013","09:17:01","mail spooler","timeout occurred after 30 seconds while sending mail message"
"ERROR","web-0","04/19/2013","09:17:31","mail spooler","timeout occurred after 30 seconds while sending mail message"
"ERROR","web-0","04/19/2013","09:18:01","mail spooler","timeout occurred after 30 seconds while sending mail message"
"ERROR","web-0","04/19/2013","09:18:32","mail spooler","timeout occurred after 30 seconds while sending mail message"
"ERROR","web-0","04/19/2013","09:19:02","mail spooler","timeout occurred after 30 seconds while sending mail message"
"ERROR","web-0","04/19/2013","09:19:32","mail spooler","timeout occurred after 30 seconds while sending mail message"
"ERROR","web-0","04/19/2013","09:20:02","mail spooler","timeout occurred after 30 seconds while sending mail message"
"ERROR","web-0","04/19/2013","09:20:32","mail spooler","timeout occurred after 30 seconds while sending mail message"
"ERROR","web-0","04/19/2013","09:21:02","mail spooler","timeout occurred after 30 seconds while sending mail message"
"ERROR","web-0","04/19/2013","09:21:32","mail spooler","timeout occurred after 30 seconds while sending mail message"
"ERROR","web-0","04/19/2013","09:22:02","mail spooler","timeout occurred after 30 seconds while sending mail message"
"ERROR","web-0","04/19/2013","09:22:32","mail spooler","timeout occurred after 30 seconds while sending mail message"
"ERROR","web-0","04/19/2013","09:23:02","mail spooler","timeout occurred after 30 seconds while sending mail message"
"ERROR","web-0","04/19/2013","09:23:32","mail spooler","timeout occurred after 30 seconds while sending mail message"
"ERROR","web-0","04/19/2013","09:24:02","mail spooler","timeout occurred after 30 seconds while sending mail message"
"ERROR","web-0","04/19/2013","09:24:32","mail spooler","timeout occurred after 30 seconds while sending mail message"
"ERROR","web-0","04/19/2013","09:25:02","mail spooler","timeout occurred after 30 seconds while sending mail message"
"ERROR","web-0","04/19/2013","09:25:32","mail spooler","timeout occurred after 30 seconds while sending mail message"
"ERROR","web-0","04/19/2013","09:26:02","mail spooler","timeout occurred after 30 seconds while sending mail message"
"ERROR","web-0","04/19/2013","09:26:32","mail spooler","timeout occurred after 30 seconds while sending mail message"
"ERROR","web-0","04/19/2013","09:27:02","mail spooler","timeout occurred after 30 seconds while sending mail message"
"ERROR","web-0","04/19/2013","09:27:32","mail spooler","timeout occurred after 30 seconds while sending mail message"
"ERROR","web-0","04/19/2013","09:28:02","mail spooler","timeout occurred after 30 seconds while sending mail message"
"ERROR","web-0","04/19/2013","09:38:12","mail spooler","501 5.0.0 HELO requires domain address
"
"ERROR","web-0","04/19/2013","09:38:42","mail spooler","timeout occurred after 30 seconds while sending mail message"
"ERROR","web-0","04/19/2013","09:38:52","mail spooler","501 5.0.0 HELO requires domain address
"
"ERROR","web-0","04/19/2013","09:39:22","mail spooler","timeout occurred after 30 seconds while sending mail message"
"ERROR","web-0","04/19/2013","09:39:52","mail spooler","timeout occurred after 30 seconds while sending mail message"
"ERROR","web-0","04/19/2013","09:40:22","mail spooler","timeout occurred after 30 seconds while sending mail message"
"ERROR","web-0","04/19/2013","09:40:52","mail spooler","timeout occurred after 30 seconds while sending mail message"
"ERROR","web-0","04/19/2013","09:41:22","mail spooler","timeout occurred after 30 seconds while sending mail message"
"ERROR","web-0","04/19/2013","09:41:52","mail spooler","timeout occurred after 30 seconds while sending mail message"
"ERROR","web-0","04/19/2013","09:43:42","mail spooler","timeout occurred after 30 seconds while sending mail message"
"ERROR","web-0","04/19/2013","09:44:12","mail spooler","timeout occurred after 30 seconds while sending mail message"
"ERROR","web-0","04/19/2013","09:44:42","mail spooler","timeout occurred after 30 seconds while sending mail message"
"ERROR","web-0","04/19/2013","09:45:12","mail spooler","timeout occurred after 30 seconds while sending mail message"
"ERROR","web-0","04/19/2013","09:45:42","mail spooler","timeout occurred after 30 seconds while sending mail message"
"ERROR","web-0","04/19/2013","09:46:12","mail spooler","timeout occurred after 30 seconds while sending mail message"
"ERROR","web-0","04/19/2013","09:46:42","mail spooler","timeout occurred after 30 seconds while sending mail message"
"ERROR","web-0","04/19/2013","09:47:12","mail spooler","timeout occurred after 30 seconds while sending mail message"
"ERROR","web-0","04/19/2013","09:47:42","mail spooler","timeout occurred after 30 seconds while sending mail message"
"ERROR","web-0","04/19/2013","09:48:12","mail spooler","timeout occurred after 30 seconds while sending mail message"
"ERROR","web-0","04/19/2013","09:48:42","mail spooler","timeout occurred after 30 seconds while sending mail message"
"ERROR","web-0","04/19/2013","09:49:12","mail spooler","timeout occurred after 30 seconds while sending mail message"
"ERROR","web-0","04/19/2013","09:49:42","mail spooler","timeout occurred after 30 seconds while sending mail message"
"ERROR","web-0","04/19/2013","09:50:12","mail spooler","timeout occurred after 30 seconds while sending mail message"
"ERROR","web-0","04/19/2013","09:50:42","mail spooler","timeout occurred after 30 seconds while sending mail message"
"ERROR","web-0","04/19/2013","09:51:12","mail spooler","timeout occurred after 30 seconds while sending mail message"
"ERROR","web-0","04/19/2013","09:51:42","mail spooler","timeout occurred after 30 seconds while sending mail message"
"ERROR","web-0","04/19/2013","09:52:12","mail spooler","timeout occurred after 30 seconds while sending mail message"
"ERROR","web-0","04/19/2013","09:52:42","mail spooler","timeout occurred after 30 seconds while sending mail message"
"ERROR","web-0","04/19/2013","09:53:12","mail spooler","timeout occurred after 30 seconds while sending mail message"
"ERROR","web-0","04/19/2013","09:53:42","mail spooler","timeout occurred after 30 seconds while sending mail message"
"ERROR","web-0","04/19/2013","09:54:12","mail spooler","timeout occurred after 30 seconds while sending mail message"
"ERROR","web-0","04/19/2013","09:54:42","mail spooler","timeout occurred after 30 seconds while sending mail message"
"ERROR","web-0","04/19/2013","09:55:12","mail spooler","timeout occurred after 30 seconds while sending mail message"
"ERROR","web-0","04/19/2013","09:55:42","mail spooler","timeout occurred after 30 seconds while sending mail message"
"ERROR","web-0","04/19/2013","09:56:12","mail spooler","timeout occurred after 30 seconds while sending mail message"
"ERROR","web-0","04/19/2013","09:56:42","mail spooler","timeout occurred after 30 seconds while sending mail message"
"ERROR","web-0","04/19/2013","09:57:12","mail spooler","timeout occurred after 30 seconds while sending mail message"
"ERROR","web-0","04/19/2013","09:57:42","mail spooler","timeout occurred after 30 seconds while sending mail message"
"ERROR","web-0","04/19/2013","09:58:42","mail spooler","timeout occurred after 30 seconds while sending mail message"
"ERROR","web-0","04/19/2013","09:59:12","mail spooler","timeout occurred after 30 seconds while sending mail message"
"ERROR","web-0","04/19/2013","09:59:42","mail spooler","timeout occurred after 30 seconds while sending mail message"
"ERROR","web-0","04/19/2013","10:00:12","mail spooler","timeout occurred after 30 seconds while sending mail message"
"ERROR","web-0","04/19/2013","10:00:42","mail spooler","timeout occurred after 30 seconds while sending mail message"
"ERROR","web-0","04/19/2013","10:01:12","mail spooler","timeout occurred after 30 seconds while sending mail message"
"ERROR","web-0","04/19/2013","10:21:02","mail spooler","501 5.0.0 HELO requires domain address
"
"ERROR","web-0","04/19/2013","10:22:02","mail spooler","timeout occurred after 30 seconds while sending mail message"
"ERROR","web-0","04/19/2013","10:22:32","mail spooler","timeout occurred after 30 seconds while sending mail message"
"ERROR","web-0","04/19/2013","10:23:02","mail spooler","timeout occurred after 30 seconds while sending mail message"
"ERROR","web-0","04/19/2013","10:23:32","mail spooler","timeout occurred after 30 seconds while sending mail message"
"ERROR","web-0","04/19/2013","10:24:02","mail spooler","timeout occurred after 30 seconds while sending mail message"
"ERROR","web-0","04/19/2013","10:24:32","mail spooler","timeout occurred after 30 seconds while sending mail message"
"ERROR","web-0","04/19/2013","10:24:32","mail spooler","501 5.0.0 HELO requires domain address
"
"ERROR","web-0","04/19/2013","10:25:32","mail spooler","timeout occurred after 30 seconds while sending mail message"
"ERROR","web-0","04/19/2013","10:26:02","mail spooler","timeout occurred after 30 seconds while sending mail message"
"ERROR","web-0","04/19/2013","10:26:32","mail spooler","timeout occurred after 30 seconds while sending mail message"
"ERROR","web-0","04/19/2013","10:27:02","mail spooler","timeout occurred after 30 seconds while sending mail message"
"ERROR","web-0","04/19/2013","10:27:32","mail spooler","timeout occurred after 30 seconds while sending mail message"
"ERROR","web-0","04/19/2013","10:28:02","mail spooler","timeout occurred after 30 seconds while sending mail message"
"ERROR","web-0","04/19/2013","10:28:32","mail spooler","timeout occurred after 30 seconds while sending mail message"
"ERROR","web-0","04/19/2013","10:43:52","mail spooler","501 5.0.0 HELO requires domain address
"
"ERROR","web-0","04/19/2013","10:44:42","mail spooler","timeout occurred after 30 seconds while sending mail message"
"ERROR","web-0","04/19/2013","10:48:12","mail spooler","timeout occurred after 30 seconds while sending mail message"
"ERROR","web-0","04/19/2013","10:48:42","mail spooler","timeout occurred after 30 seconds while sending mail message"
"ERROR","web-0","04/19/2013","10:48:52","mail spooler","501 5.0.0 HELO requires domain address
"
"ERROR","web-0","04/19/2013","10:49:42","mail spooler","timeout occurred after 30 seconds while sending mail message"
"ERROR","web-0","04/19/2013","10:50:12","mail spooler","timeout occurred after 30 seconds while sending mail message"
"ERROR","web-0","04/19/2013","10:50:42","mail spooler","timeout occurred after 30 seconds while sending mail message"
"ERROR","web-0","04/19/2013","10:51:12","mail spooler","timeout occurred after 30 seconds while sending mail message"
"ERROR","web-0","04/19/2013","10:52:12","mail spooler","timeout occurred after 30 seconds while sending mail message"
"ERROR","web-0","04/19/2013","20:53:16","mail spooler","timeout occurred after 30 seconds while sending mail message"
"ERROR","web-0","04/19/2013","20:53:38","mail spooler","Got bad greeting from SMTP host: localhost, port: 25, response: -1"
"ERROR","web-0","04/19/2013","20:53:53","mail spooler","501 5.0.0 HELO requires domain address
"
"ERROR","web-0","04/19/2013","20:54:23","mail spooler","timeout occurred after 30 seconds while sending mail message"
"ERROR","web-0","04/19/2013","20:54:28","mail spooler","501 5.0.0 HELO requires domain address
"
"ERROR","web-0","04/19/2013","20:54:58","mail spooler","timeout occurred after 30 seconds while sending mail message"
"ERROR","web-0","04/19/2013","20:55:28","mail spooler","timeout occurred after 30 seconds while sending mail message"
"ERROR","web-0","04/19/2013","20:55:58","mail spooler","timeout occurred after 30 seconds while sending mail message"
"ERROR","web-0","04/19/2013","20:56:28","mail spooler","timeout occurred after 30 seconds while sending mail message"
"ERROR","web-0","04/19/2013","20:56:58","mail spooler","timeout occurred after 30 seconds while sending mail message"
"ERROR","web-0","04/19/2013","20:57:28","mail spooler","timeout occurred after 30 seconds while sending mail message"
"ERROR","web-0","04/19/2013","20:57:58","mail spooler","timeout occurred after 30 seconds while sending mail message"
"ERROR","web-0","04/19/2013","20:58:28","mail spooler","timeout occurred after 30 seconds while sending mail message"
"ERROR","web-0","04/19/2013","20:58:58","mail spooler","timeout occurred after 30 seconds while sending mail message"
"ERROR","web-0","04/19/2013","20:59:28","mail spooler","timeout occurred after 30 seconds while sending mail message"
"ERROR","web-0","04/19/2013","20:59:58","mail spooler","timeout occurred after 30 seconds while sending mail message"
"ERROR","web-0","04/19/2013","21:03:58","mail spooler","timeout occurred after 30 seconds while sending mail message"
"ERROR","web-0","04/19/2013","21:04:28","mail spooler","timeout occurred after 30 seconds while sending mail message"
"ERROR","web-0","04/19/2013","21:04:58","mail spooler","timeout occurred after 30 seconds while sending mail message"
"ERROR","web-0","04/19/2013","21:05:29","mail spooler","timeout occurred after 30 seconds while sending mail message"
"ERROR","web-0","04/19/2013","22:04:08","mail spooler","501 5.0.0 HELO requires domain address
"
"ERROR","web-0","04/19/2013","22:04:58","mail spooler","timeout occurred after 30 seconds while sending mail message"
"ERROR","web-0","04/19/2013","22:05:28","mail spooler","timeout occurred after 30 seconds while sending mail message"
"ERROR","web-0","04/19/2013","22:05:59","mail spooler","timeout occurred after 30 seconds while sending mail message"
"ERROR","web-0","04/20/2013","09:05:10","mail spooler","501 5.0.0 HELO requires domain address
"
"ERROR","web-0","04/20/2013","09:06:20","mail spooler","timeout occurred after 30 seconds while sending mail message"
"ERROR","web-0","04/20/2013","09:06:50","mail spooler","timeout occurred after 30 seconds while sending mail message"
"ERROR","web-0","04/20/2013","09:07:32","mail spooler","timeout occurred after 30 seconds while sending mail message"
"ERROR","web-0","04/20/2013","09:08:02","mail spooler","timeout occurred after 30 seconds while sending mail message"
"ERROR","web-0","04/20/2013","09:08:32","mail spooler","timeout occurred after 30 seconds while sending mail message"
"ERROR","web-0","04/20/2013","10:21:12","mail spooler","501 5.0.0 HELO requires domain address
"
"ERROR","web-0","04/20/2013","10:22:32","mail spooler","timeout occurred after 30 seconds while sending mail message"
"ERROR","web-0","04/20/2013","10:23:02","mail spooler","timeout occurred after 30 seconds while sending mail message"
"ERROR","web-0","04/20/2013","10:23:32","mail spooler","timeout occurred after 30 seconds while sending mail message"
"ERROR","web-0","04/20/2013","10:24:02","mail spooler","timeout occurred after 30 seconds while sending mail message"
"ERROR","web-0","04/20/2013","10:24:32","mail spooler","timeout occurred after 30 seconds while sending mail message"
"ERROR","web-0","04/20/2013","10:25:02","mail spooler","timeout occurred after 30 seconds while sending mail message"
"ERROR","web-0","04/20/2013","10:25:12","mail spooler","501 5.0.0 HELO requires domain address
"
"ERROR","web-0","04/20/2013","10:26:02","mail spooler","timeout occurred after 30 seconds while sending mail message"
"ERROR","web-0","04/20/2013","10:26:32","mail spooler","timeout occurred after 30 seconds while sending mail message"
"ERROR","web-0","04/20/2013","10:27:02","mail spooler","timeout occurred after 30 seconds while sending mail message"
"ERROR","web-0","04/20/2013","10:27:32","mail spooler","timeout occurred after 30 seconds while sending mail message"
"ERROR","web-0","04/20/2013","10:28:02","mail spooler","timeout occurred after 30 seconds while sending mail message"
"ERROR","web-0","04/20/2013","10:28:32","mail spooler","timeout occurred after 30 seconds while sending mail message"
"ERROR","web-0","04/20/2013","10:29:02","mail spooler","timeout occurred after 30 seconds while sending mail message"
"ERROR","web-0","04/20/2013","10:44:02","mail spooler","501 5.0.0 HELO requires domain address
"
"ERROR","web-0","04/20/2013","10:45:12","mail spooler","timeout occurred after 30 seconds while sending mail message"
"ERROR","web-0","04/20/2013","10:48:42","mail spooler","timeout occurred after 30 seconds while sending mail message"
"ERROR","web-0","04/20/2013","10:49:12","mail spooler","timeout occurred after 30 seconds while sending mail message"
"ERROR","web-0","04/20/2013","10:49:42","mail spooler","timeout occurred after 30 seconds while sending mail message"
"ERROR","web-0","04/20/2013","10:50:12","mail spooler","timeout occurred after 30 seconds while sending mail message"
"ERROR","web-0","04/20/2013","10:50:42","mail spooler","timeout occurred after 30 seconds while sending mail message"
"ERROR","web-0","04/20/2013","10:51:12","mail spooler","timeout occurred after 30 seconds while sending mail message"
"ERROR","web-0","04/20/2013","10:51:22","mail spooler","501 5.0.0 HELO requires domain address
"
"ERROR","web-0","04/20/2013","10:52:42","mail spooler","timeout occurred after 30 seconds while sending mail message"
"ERROR","web-0","04/20/2013","22:24:09","mail spooler","501 5.0.0 HELO requires domain address
"
"ERROR","web-0","04/20/2013","22:24:39","mail spooler","timeout occurred after 30 seconds while sending mail message"
"ERROR","web-0","04/20/2013","22:25:09","mail spooler","timeout occurred after 30 seconds while sending mail message"
"ERROR","web-0","04/20/2013","22:25:19","mail spooler","501 5.0.0 HELO requires domain address
"
"ERROR","web-0","04/20/2013","22:25:49","mail spooler","timeout occurred after 30 seconds while sending mail message"
"ERROR","web-0","04/20/2013","22:26:19","mail spooler","timeout occurred after 30 seconds while sending mail message"
"ERROR","web-0","04/20/2013","22:26:49","mail spooler","timeout occurred after 30 seconds while sending mail message"
"ERROR","web-0","04/20/2013","22:27:19","mail spooler","timeout occurred after 30 seconds while sending mail message"
"ERROR","web-0","04/20/2013","22:27:49","mail spooler","timeout occurred after 30 seconds while sending mail message"
"ERROR","web-0","04/20/2013","22:28:19","mail spooler","timeout occurred after 30 seconds while sending mail message"
"ERROR","web-0","04/20/2013","22:28:49","mail spooler","timeout occurred after 30 seconds while sending mail message"
"ERROR","web-0","04/20/2013","22:29:19","mail spooler","timeout occurred after 30 seconds while sending mail message"
"ERROR","web-0","04/20/2013","22:29:49","mail spooler","timeout occurred after 30 seconds while sending mail message"
"ERROR","web-0","04/20/2013","22:30:19","mail spooler","timeout occurred after 30 seconds while sending mail message"
"ERROR","web-0","04/20/2013","22:30:49","mail spooler","timeout occurred after 30 seconds while sending mail message"
"ERROR","web-0","04/20/2013","22:31:19","mail spooler","timeout occurred after 30 seconds while sending mail message"
"ERROR","web-0","04/21/2013","00:27:41","mail spooler","501 5.0.0 HELO requires domain address
"
"ERROR","web-0","04/21/2013","00:28:11","mail spooler","timeout occurred after 30 seconds while sending mail message"
"ERROR","web-0","04/21/2013","00:33:11","mail spooler","timeout occurred after 30 seconds while sending mail message"
"ERROR","web-0","04/21/2013","00:33:12","mail spooler","501 5.0.0 HELO requires domain address
"
"ERROR","web-0","04/21/2013","01:00:56","mail spooler","501 5.0.0 HELO requires domain address
"
"ERROR","web-0","04/21/2013","01:01:26","mail spooler","timeout occurred after 30 seconds while sending mail message"
"ERROR","web-0","04/21/2013","01:01:56","mail spooler","timeout occurred after 30 seconds while sending mail message"
"ERROR","web-0","04/21/2013","01:06:26","mail spooler","timeout occurred after 30 seconds while sending mail message"
"ERROR","web-0","04/21/2013","01:06:56","mail spooler","timeout occurred after 30 seconds while sending mail message"
"ERROR","web-0","04/21/2013","01:07:26","mail spooler","timeout occurred after 30 seconds while sending mail message"
"ERROR","web-0","04/21/2013","01:19:33","mail spooler","501 5.0.0 HELO requires domain address
"
"ERROR","web-0","04/21/2013","01:20:03","mail spooler","timeout occurred after 30 seconds while sending mail message"
"ERROR","web-0","04/23/2013","00:22:25","mail spooler","501 5.0.0 HELO requires domain address
"
"ERROR","web-0","04/23/2013","00:22:55","mail spooler","timeout occurred after 30 seconds while sending mail message"
"ERROR","web-0","04/23/2013","00:22:55","mail spooler","501 5.0.0 HELO requires domain address
"
"ERROR","web-0","04/23/2013","00:23:25","mail spooler","timeout occurred after 30 seconds while sending mail message"
"ERROR","web-0","04/23/2013","00:23:55","mail spooler","timeout occurred after 30 seconds while sending mail message"
"ERROR","web-0","04/23/2013","00:24:25","mail spooler","timeout occurred after 30 seconds while sending mail message"
"ERROR","web-0","04/23/2013","00:24:55","mail spooler","timeout occurred after 30 seconds while sending mail message"
"ERROR","web-0","04/23/2013","00:25:25","mail spooler","timeout occurred after 30 seconds while sending mail message"
"ERROR","web-0","04/23/2013","00:25:55","mail spooler","timeout occurred after 30 seconds while sending mail message"
"ERROR","web-0","04/23/2013","00:26:25","mail spooler","timeout occurred after 30 seconds while sending mail message"
"ERROR","web-0","04/23/2013","00:26:55","mail spooler","timeout occurred after 30 seconds while sending mail message"
"ERROR","web-0","04/23/2013","00:27:25","mail spooler","timeout occurred after 30 seconds while sending mail message"
"ERROR","web-0","04/23/2013","00:27:55","mail spooler","timeout occurred after 30 seconds while sending mail message"
"ERROR","web-0","04/23/2013","00:28:25","mail spooler","timeout occurred after 30 seconds while sending mail message"
"ERROR","web-0","04/23/2013","00:28:55","mail spooler","timeout occurred after 30 seconds while sending mail message"
"ERROR","web-0","04/23/2013","00:29:25","mail spooler","timeout occurred after 30 seconds while sending mail message"
"ERROR","web-0","04/23/2013","00:29:55","mail spooler","timeout occurred after 30 seconds while sending mail message"
"ERROR","web-0","04/23/2013","00:30:25","mail spooler","timeout occurred after 30 seconds while sending mail message"
"ERROR","web-0","04/23/2013","00:30:55","mail spooler","timeout occurred after 30 seconds while sending mail message"
"ERROR","web-0","04/23/2013","00:31:25","mail spooler","timeout occurred after 30 seconds while sending mail message"
"ERROR","web-0","04/23/2013","00:31:55","mail spooler","timeout occurred after 30 seconds while sending mail message"
"ERROR","web-0","04/23/2013","00:32:25","mail spooler","timeout occurred after 30 seconds while sending mail message"
"ERROR","web-0","04/23/2013","00:32:55","mail spooler","timeout occurred after 30 seconds while sending mail message"
"ERROR","web-0","04/23/2013","00:33:25","mail spooler","timeout occurred after 30 seconds while sending mail message"
"ERROR","web-0","04/23/2013","00:33:55","mail spooler","timeout occurred after 30 seconds while sending mail message"
"ERROR","web-0","04/23/2013","00:34:25","mail spooler","timeout occurred after 30 seconds while sending mail message"
"ERROR","web-0","04/23/2013","00:34:55","mail spooler","timeout occurred after 30 seconds while sending mail message"
"ERROR","web-0","04/23/2013","00:35:25","mail spooler","timeout occurred after 30 seconds while sending mail message"
"ERROR","web-0","04/23/2013","00:35:55","mail spooler","timeout occurred after 30 seconds while sending mail message"
"ERROR","web-0","04/23/2013","00:36:25","mail spooler","timeout occurred after 30 seconds while sending mail message"
"ERROR","web-0","04/23/2013","00:36:55","mail spooler","timeout occurred after 30 seconds while sending mail message"
"ERROR","web-0","04/23/2013","00:37:25","mail spooler","timeout occurred after 30 seconds while sending mail message"
"ERROR","web-0","04/23/2013","00:37:55","mail spooler","timeout occurred after 30 seconds while sending mail message"
"ERROR","web-0","04/23/2013","00:38:25","mail spooler","timeout occurred after 30 seconds while sending mail message"
"ERROR","web-0","04/23/2013","00:38:55","mail spooler","timeout occurred after 30 seconds while sending mail message"
"ERROR","web-0","04/23/2013","00:39:25","mail spooler","timeout occurred after 30 seconds while sending mail message"
"ERROR","web-0","04/23/2013","00:39:55","mail spooler","timeout occurred after 30 seconds while sending mail message"
"ERROR","web-0","04/23/2013","00:40:25","mail spooler","timeout occurred after 30 seconds while sending mail message"
"ERROR","web-0","04/23/2013","00:40:55","mail spooler","timeout occurred after 30 seconds while sending mail message"
"ERROR","web-0","04/23/2013","00:41:25","mail spooler","timeout occurred after 30 seconds while sending mail message"
"ERROR","web-0","04/23/2013","00:41:55","mail spooler","timeout occurred after 30 seconds while sending mail message"
"ERROR","web-0","04/23/2013","00:42:25","mail spooler","timeout occurred after 30 seconds while sending mail message"
"ERROR","web-0","04/23/2013","00:42:55","mail spooler","timeout occurred after 30 seconds while sending mail message"
"ERROR","web-0","04/23/2013","00:43:25","mail spooler","timeout occurred after 30 seconds while sending mail message"
"ERROR","web-0","04/23/2013","00:43:55","mail spooler","timeout occurred after 30 seconds while sending mail message"
"ERROR","web-0","04/23/2013","00:44:25","mail spooler","timeout occurred after 30 seconds while sending mail message"
"ERROR","web-0","04/23/2013","00:44:55","mail spooler","timeout occurred after 30 seconds while sending mail message"
"ERROR","web-0","04/23/2013","00:45:25","mail spooler","timeout occurred after 30 seconds while sending mail message"
"ERROR","web-0","04/23/2013","00:45:55","mail spooler","timeout occurred after 30 seconds while sending mail message"
"ERROR","web-0","04/23/2013","00:46:25","mail spooler","timeout occurred after 30 seconds while sending mail message"
"ERROR","web-0","04/23/2013","00:46:55","mail spooler","timeout occurred after 30 seconds while sending mail message"
"ERROR","web-0","04/23/2013","00:47:25","mail spooler","timeout occurred after 30 seconds while sending mail message"
"ERROR","web-0","04/23/2013","00:47:55","mail spooler","timeout occurred after 30 seconds while sending mail message"
"ERROR","web-0","04/23/2013","00:48:25","mail spooler","timeout occurred after 30 seconds while sending mail message"
"ERROR","web-0","04/23/2013","00:48:55","mail spooler","timeout occurred after 30 seconds while sending mail message"
"ERROR","web-0","04/23/2013","00:49:25","mail spooler","timeout occurred after 30 seconds while sending mail message"
"ERROR","web-0","04/23/2013","00:49:55","mail spooler","timeout occurred after 30 seconds while sending mail message"
"ERROR","web-0","04/23/2013","00:50:25","mail spooler","timeout occurred after 30 seconds while sending mail message"
"ERROR","web-0","04/23/2013","00:50:55","mail spooler","timeout occurred after 30 seconds while sending mail message"
"ERROR","web-0","04/23/2013","00:51:25","mail spooler","timeout occurred after 30 seconds while sending mail message"
"ERROR","web-0","04/23/2013","00:51:55","mail spooler","timeout occurred after 30 seconds while sending mail message"
"ERROR","web-0","04/23/2013","00:52:25","mail spooler","timeout occurred after 30 seconds while sending mail message"
"ERROR","web-0","04/23/2013","00:52:55","mail spooler","timeout occurred after 30 seconds while sending mail message"
"ERROR","web-0","04/23/2013","00:53:25","mail spooler","timeout occurred after 30 seconds while sending mail message"
"ERROR","web-0","04/23/2013","00:53:55","mail spooler","timeout occurred after 30 seconds while sending mail message"
"ERROR","web-0","04/23/2013","00:54:25","mail spooler","timeout occurred after 30 seconds while sending mail message"
"ERROR","web-0","04/23/2013","00:54:55","mail spooler","timeout occurred after 30 seconds while sending mail message"
"ERROR","web-0","04/23/2013","00:55:25","mail spooler","timeout occurred after 30 seconds while sending mail message"
"ERROR","web-0","04/23/2013","00:55:55","mail spooler","timeout occurred after 30 seconds while sending mail message"
"ERROR","web-0","04/23/2013","00:56:25","mail spooler","timeout occurred after 30 seconds while sending mail message"
"ERROR","web-0","04/23/2013","00:56:55","mail spooler","timeout occurred after 30 seconds while sending mail message"
"ERROR","web-0","04/23/2013","00:57:25","mail spooler","timeout occurred after 30 seconds while sending mail message"
"ERROR","web-0","04/23/2013","00:57:55","mail spooler","timeout occurred after 30 seconds while sending mail message"
"ERROR","web-0","04/23/2013","00:58:25","mail spooler","timeout occurred after 30 seconds while sending mail message"
"ERROR","web-0","04/23/2013","00:58:55","mail spooler","timeout occurred after 30 seconds while sending mail message"
"ERROR","web-0","04/23/2013","00:59:25","mail spooler","timeout occurred after 30 seconds while sending mail message"
"ERROR","web-0","04/23/2013","00:59:55","mail spooler","timeout occurred after 30 seconds while sending mail message"
"ERROR","web-0","04/23/2013","01:00:25","mail spooler","timeout occurred after 30 seconds while sending mail message"
"ERROR","web-0","04/23/2013","01:00:55","mail spooler","timeout occurred after 30 seconds while sending mail message"
"ERROR","web-0","04/23/2013","01:01:25","mail spooler","timeout occurred after 30 seconds while sending mail message"
"ERROR","web-0","04/23/2013","01:01:55","mail spooler","timeout occurred after 30 seconds while sending mail message"
"ERROR","web-0","04/23/2013","01:02:25","mail spooler","timeout occurred after 30 seconds while sending mail message"
"ERROR","web-0","04/23/2013","01:02:55","mail spooler","timeout occurred after 30 seconds while sending mail message"
"ERROR","web-0","04/23/2013","01:03:25","mail spooler","timeout occurred after 30 seconds while sending mail message"
"ERROR","web-0","04/23/2013","01:03:55","mail spooler","timeout occurred after 30 seconds while sending mail message"
"ERROR","web-0","04/23/2013","01:04:26","mail spooler","timeout occurred after 30 seconds while sending mail message"
"ERROR","web-0","04/23/2013","01:04:56","mail spooler","timeout occurred after 30 seconds while sending mail message"
"ERROR","web-0","04/23/2013","01:05:26","mail spooler","timeout occurred after 30 seconds while sending mail message"
"ERROR","web-0","04/23/2013","01:05:56","mail spooler","timeout occurred after 30 seconds while sending mail message"
"ERROR","web-0","04/23/2013","01:06:26","mail spooler","timeout occurred after 30 seconds while sending mail message"
"ERROR","web-0","04/23/2013","01:06:56","mail spooler","timeout occurred after 30 seconds while sending mail message"
"ERROR","web-0","04/23/2013","01:07:26","mail spooler","timeout occurred after 30 seconds while sending mail message"
"ERROR","web-0","04/23/2013","01:07:56","mail spooler","timeout occurred after 30 seconds while sending mail message"
"ERROR","web-0","04/23/2013","01:08:26","mail spooler","timeout occurred after 30 seconds while sending mail message"
"ERROR","web-0","04/23/2013","01:08:56","mail spooler","timeout occurred after 30 seconds while sending mail message"
"ERROR","web-0","04/23/2013","01:09:26","mail spooler","timeout occurred after 30 seconds while sending mail message"
"ERROR","web-0","04/23/2013","01:09:56","mail spooler","timeout occurred after 30 seconds while sending mail message"
"ERROR","web-0","04/23/2013","01:10:26","mail spooler","timeout occurred after 30 seconds while sending mail message"
"ERROR","web-0","04/23/2013","01:10:56","mail spooler","timeout occurred after 30 seconds while sending mail message"
"ERROR","web-0","04/23/2013","01:11:26","mail spooler","timeout occurred after 30 seconds while sending mail message"
"ERROR","web-0","04/23/2013","01:17:35","mail spooler","501 5.0.0 HELO requires domain address
"
"ERROR","web-0","04/23/2013","01:22:44","mail spooler","timeout occurred after 30 seconds while sending mail message"
"ERROR","web-0","04/23/2013","01:23:14","mail spooler","timeout occurred after 30 seconds while sending mail message"
"ERROR","web-0","04/23/2013","01:24:23","mail spooler","timeout occurred after 30 seconds while sending mail message"
"ERROR","web-0","04/23/2013","01:25:16","mail spooler","timeout occurred after 30 seconds while sending mail message"
"ERROR","web-0","04/23/2013","01:26:12","mail spooler","timeout occurred after 30 seconds while sending mail message"
"ERROR","web-0","04/23/2013","01:26:42","mail spooler","timeout occurred after 30 seconds while sending mail message"
"ERROR","web-0","04/23/2013","01:28:14","mail spooler","timeout occurred after 30 seconds while sending mail message"
"ERROR","web-0","04/23/2013","01:28:46","mail spooler","timeout occurred after 30 seconds while sending mail message"
"ERROR","web-0","04/23/2013","01:29:16","mail spooler","timeout occurred after 30 seconds while sending mail message"
"ERROR","web-0","04/23/2013","01:29:53","mail spooler","timeout occurred after 30 seconds while sending mail message"
"ERROR","web-0","04/23/2013","01:30:23","mail spooler","timeout occurred after 30 seconds while sending mail message"
"ERROR","web-0","04/23/2013","01:30:34","mail spooler","501 5.0.0 HELO requires domain address
"
"ERROR","web-0","04/23/2013","01:31:42","mail spooler","timeout occurred after 30 seconds while sending mail message"
"ERROR","web-0","04/23/2013","01:32:12","mail spooler","timeout occurred after 30 seconds while sending mail message"
"ERROR","web-0","04/23/2013","01:32:42","mail spooler","timeout occurred after 30 seconds while sending mail message"
"ERROR","web-0","04/23/2013","01:33:12","mail spooler","timeout occurred after 30 seconds while sending mail message"
"ERROR","web-0","04/24/2013","13:37:14","mail spooler","timeout occurred after 30 seconds while sending mail message"
"ERROR","web-0","04/24/2013","13:37:14","mail spooler","Got bad greeting from SMTP host: localhost, port: 25, response: -1"
"ERROR","web-0","04/24/2013","13:37:22","mail spooler","501 5.0.0 HELO requires domain address
"
"ERROR","web-0","04/24/2013","13:37:52","mail spooler","timeout occurred after 30 seconds while sending mail message"
"ERROR","web-0","04/24/2013","13:38:02","mail spooler","501 5.0.0 HELO requires domain address
"
"ERROR","web-0","04/24/2013","13:38:32","mail spooler","timeout occurred after 30 seconds while sending mail message"
"ERROR","web-0","04/24/2013","13:39:02","mail spooler","timeout occurred after 30 seconds while sending mail message"
"ERROR","web-0","04/24/2013","13:39:32","mail spooler","timeout occurred after 30 seconds while sending mail message"
"ERROR","web-0","04/24/2013","13:40:02","mail spooler","timeout occurred after 30 seconds while sending mail message"
"ERROR","web-0","04/24/2013","13:40:32","mail spooler","timeout occurred after 30 seconds while sending mail message"
"ERROR","web-0","04/24/2013","13:41:02","mail spooler","timeout occurred after 30 seconds while sending mail message"
"ERROR","web-0","04/24/2013","13:41:32","mail spooler","timeout occurred after 30 seconds while sending mail message"
"ERROR","web-0","04/24/2013","13:42:02","mail spooler","timeout occurred after 30 seconds while sending mail message"
"ERROR","web-0","04/24/2013","13:42:32","mail spooler","timeout occurred after 30 seconds while sending mail message"
"ERROR","web-0","04/24/2013","13:43:02","mail spooler","timeout occurred after 30 seconds while sending mail message"
"ERROR","web-0","04/24/2013","13:43:32","mail spooler","timeout occurred after 30 seconds while sending mail message"
"ERROR","web-0","04/24/2013","13:44:03","mail spooler","timeout occurred after 30 seconds while sending mail message"
"ERROR","web-0","04/24/2013","13:44:33","mail spooler","timeout occurred after 30 seconds while sending mail message"
"ERROR","web-0","04/24/2013","13:45:03","mail spooler","timeout occurred after 30 seconds while sending mail message"
"ERROR","web-0","04/24/2013","13:45:33","mail spooler","timeout occurred after 30 seconds while sending mail message"
"ERROR","web-0","04/24/2013","13:46:03","mail spooler","timeout occurred after 30 seconds while sending mail message"
"ERROR","web-0","04/24/2013","13:46:33","mail spooler","timeout occurred after 30 seconds while sending mail message"
"ERROR","web-0","04/24/2013","13:47:03","mail spooler","timeout occurred after 30 seconds while sending mail message"
"ERROR","web-0","04/24/2013","13:47:33","mail spooler","timeout occurred after 30 seconds while sending mail message"
"ERROR","web-0","04/24/2013","13:48:03","mail spooler","timeout occurred after 30 seconds while sending mail message"
"ERROR","web-0","04/24/2013","13:48:33","mail spooler","timeout occurred after 30 seconds while sending mail message"
"ERROR","web-0","04/24/2013","13:49:03","mail spooler","timeout occurred after 30 seconds while sending mail message"
"ERROR","web-0","04/24/2013","13:49:33","mail spooler","timeout occurred after 30 seconds while sending mail message"
"ERROR","web-0","04/24/2013","13:50:03","mail spooler","timeout occurred after 30 seconds while sending mail message"
"ERROR","web-0","04/24/2013","13:50:33","mail spooler","timeout occurred after 30 seconds while sending mail message"
"ERROR","web-0","04/24/2013","13:51:03","mail spooler","timeout occurred after 30 seconds while sending mail message"
"ERROR","web-0","04/24/2013","13:51:33","mail spooler","timeout occurred after 30 seconds while sending mail message"
"ERROR","web-0","04/24/2013","13:52:03","mail spooler","timeout occurred after 30 seconds while sending mail message"
"ERROR","web-0","04/24/2013","13:52:33","mail spooler","timeout occurred after 30 seconds while sending mail message"
"ERROR","web-0","04/24/2013","13:53:03","mail spooler","timeout occurred after 30 seconds while sending mail message"
"ERROR","web-0","04/24/2013","13:53:33","mail spooler","timeout occurred after 30 seconds while sending mail message"
"ERROR","web-0","04/24/2013","13:54:03","mail spooler","timeout occurred after 30 seconds while sending mail message"
"ERROR","web-0","04/24/2013","13:54:33","mail spooler","timeout occurred after 30 seconds while sending mail message"
"ERROR","web-0","04/24/2013","13:55:03","mail spooler","timeout occurred after 30 seconds while sending mail message"
"ERROR","web-0","04/24/2013","13:55:33","mail spooler","timeout occurred after 30 seconds while sending mail message"
"ERROR","web-0","04/24/2013","13:56:03","mail spooler","timeout occurred after 30 seconds while sending mail message"
"ERROR","web-0","04/24/2013","13:56:33","mail spooler","timeout occurred after 30 seconds while sending mail message"
"ERROR","web-0","04/24/2013","13:57:03","mail spooler","timeout occurred after 30 seconds while sending mail message"
"ERROR","web-0","04/24/2013","13:57:33","mail spooler","timeout occurred after 30 seconds while sending mail message"
"ERROR","web-0","04/24/2013","13:58:03","mail spooler","timeout occurred after 30 seconds while sending mail message"
"ERROR","web-0","04/24/2013","13:58:33","mail spooler","timeout occurred after 30 seconds while sending mail message"
"ERROR","web-0","04/24/2013","13:59:03","mail spooler","timeout occurred after 30 seconds while sending mail message"
"ERROR","web-0","04/24/2013","13:59:33","mail spooler","timeout occurred after 30 seconds while sending mail message"
"ERROR","web-0","04/24/2013","14:44:13","mail spooler","501 5.0.0 HELO requires domain address
"
"ERROR","web-0","04/24/2013","14:47:33","mail spooler","timeout occurred after 30 seconds while sending mail message"
"ERROR","web-0","04/24/2013","14:47:43","mail spooler","501 5.0.0 HELO requires domain address
"
"ERROR","web-0","04/24/2013","14:49:33","mail spooler","timeout occurred after 30 seconds while sending mail message"
"ERROR","web-0","04/24/2013","14:51:03","mail spooler","timeout occurred after 30 seconds while sending mail message"
"ERROR","web-0","04/24/2013","14:52:33","mail spooler","timeout occurred after 30 seconds while sending mail message"
"ERROR","web-0","04/24/2013","14:55:03","mail spooler","timeout occurred after 30 seconds while sending mail message"
"ERROR","web-0","04/24/2013","14:59:03","mail spooler","timeout occurred after 30 seconds while sending mail message"
"ERROR","web-0","04/24/2013","14:59:33","mail spooler","timeout occurred after 30 seconds while sending mail message"
"ERROR","web-0","04/24/2013","15:00:03","mail spooler","timeout occurred after 30 seconds while sending mail message"
"ERROR","web-0","04/24/2013","23:26:45","mail spooler","501 5.0.0 HELO requires domain address
"
"ERROR","web-0","04/24/2013","23:27:15","mail spooler","timeout occurred after 30 seconds while sending mail message"
"ERROR","web-0","04/24/2013","23:32:15","mail spooler","timeout occurred after 30 seconds while sending mail message"
"ERROR","web-0","04/24/2013","23:32:26","mail spooler","501 5.0.0 HELO requires domain address
"
"ERROR","web-0","05/11/2013","20:36:10","mail spooler","501 5.0.0 HELO requires domain address
"
"ERROR","web-0","05/11/2013","20:36:40","mail spooler","timeout occurred after 30 seconds while sending mail message"
"ERROR","web-0","05/11/2013","20:36:50","mail spooler","501 5.0.0 HELO requires domain address
"
"ERROR","web-0","05/11/2013","20:37:20","mail spooler","timeout occurred after 30 seconds while sending mail message"
"ERROR","web-0","05/11/2013","20:37:50","mail spooler","timeout occurred after 30 seconds while sending mail message"
"ERROR","web-0","05/11/2013","20:38:20","mail spooler","timeout occurred after 30 seconds while sending mail message"
"ERROR","web-0","05/11/2013","20:38:50","mail spooler","timeout occurred after 30 seconds while sending mail message"
"ERROR","web-0","05/11/2013","20:39:20","mail spooler","timeout occurred after 30 seconds while sending mail message"
"ERROR","web-0","05/11/2013","20:39:50","mail spooler","timeout occurred after 30 seconds while sending mail message"
"ERROR","web-0","05/11/2013","20:40:20","mail spooler","timeout occurred after 30 seconds while sending mail message"
"ERROR","web-0","05/11/2013","20:40:50","mail spooler","timeout occurred after 30 seconds while sending mail message"
"ERROR","web-0","05/11/2013","20:41:20","mail spooler","timeout occurred after 30 seconds while sending mail message"
"ERROR","web-0","05/11/2013","20:41:50","mail spooler","timeout occurred after 30 seconds while sending mail message"
"ERROR","web-0","05/11/2013","20:42:20","mail spooler","timeout occurred after 30 seconds while sending mail message"
"ERROR","web-0","05/11/2013","20:42:50","mail spooler","timeout occurred after 30 seconds while sending mail message"
"ERROR","web-0","05/11/2013","20:43:20","mail spooler","timeout occurred after 30 seconds while sending mail message"
"ERROR","web-0","05/11/2013","20:43:50","mail spooler","timeout occurred after 30 seconds while sending mail message"
"ERROR","web-0","05/11/2013","20:44:20","mail spooler","timeout occurred after 30 seconds while sending mail message"
"ERROR","web-0","05/11/2013","20:44:50","mail spooler","timeout occurred after 30 seconds while sending mail message"
"ERROR","web-0","05/11/2013","20:45:20","mail spooler","timeout occurred after 30 seconds while sending mail message"
"ERROR","web-0","05/11/2013","20:45:50","mail spooler","timeout occurred after 30 seconds while sending mail message"
"ERROR","web-0","05/11/2013","20:46:20","mail spooler","timeout occurred after 30 seconds while sending mail message"
"ERROR","web-0","05/11/2013","20:46:50","mail spooler","timeout occurred after 30 seconds while sending mail message"
"ERROR","web-0","05/11/2013","20:47:20","mail spooler","timeout occurred after 30 seconds while sending mail message"
"ERROR","web-0","05/11/2013","20:47:50","mail spooler","timeout occurred after 30 seconds while sending mail message"
"ERROR","web-0","05/11/2013","20:48:20","mail spooler","timeout occurred after 30 seconds while sending mail message"
"ERROR","web-0","05/11/2013","20:48:50","mail spooler","timeout occurred after 30 seconds while sending mail message"
"ERROR","web-0","05/11/2013","20:49:20","mail spooler","timeout occurred after 30 seconds while sending mail message"
"ERROR","web-0","05/11/2013","20:49:50","mail spooler","timeout occurred after 30 seconds while sending mail message"
"ERROR","web-0","05/11/2013","20:50:20","mail spooler","timeout occurred after 30 seconds while sending mail message"
"ERROR","web-0","05/11/2013","20:50:50","mail spooler","timeout occurred after 30 seconds while sending mail message"
"ERROR","web-0","05/11/2013","20:51:20","mail spooler","timeout occurred after 30 seconds while sending mail message"
"ERROR","web-0","05/11/2013","20:51:50","mail spooler","timeout occurred after 30 seconds while sending mail message"
"ERROR","web-0","05/11/2013","20:52:20","mail spooler","timeout occurred after 30 seconds while sending mail message"
"ERROR","web-0","05/11/2013","20:52:50","mail spooler","timeout occurred after 30 seconds while sending mail message"
"ERROR","web-0","05/11/2013","20:53:20","mail spooler","timeout occurred after 30 seconds while sending mail message"
"ERROR","web-0","05/11/2013","20:53:50","mail spooler","timeout occurred after 30 seconds while sending mail message"
"ERROR","web-0","05/11/2013","20:54:20","mail spooler","timeout occurred after 30 seconds while sending mail message"
"ERROR","web-0","05/11/2013","20:54:50","mail spooler","timeout occurred after 30 seconds while sending mail message"
"ERROR","web-0","05/11/2013","20:55:20","mail spooler","timeout occurred after 30 seconds while sending mail message"
"ERROR","web-0","05/11/2013","20:55:50","mail spooler","timeout occurred after 30 seconds while sending mail message"
"ERROR","web-0","05/11/2013","20:56:20","mail spooler","timeout occurred after 30 seconds while sending mail message"
"ERROR","web-0","05/11/2013","20:56:50","mail spooler","timeout occurred after 30 seconds while sending mail message"
"ERROR","web-0","05/11/2013","20:57:20","mail spooler","timeout occurred after 30 seconds while sending mail message"
"ERROR","web-0","05/11/2013","20:57:50","mail spooler","timeout occurred after 30 seconds while sending mail message"
"ERROR","web-0","05/11/2013","20:58:20","mail spooler","timeout occurred after 30 seconds while sending mail message"
"ERROR","web-0","05/11/2013","20:58:50","mail spooler","timeout occurred after 30 seconds while sending mail message"
"ERROR","web-0","05/11/2013","21:02:00","mail spooler","timeout occurred after 30 seconds while sending mail message"
"ERROR","web-0","05/11/2013","21:04:36","mail spooler","timeout occurred after 30 seconds while sending mail message"
"ERROR","web-0","05/11/2013","21:07:30","mail spooler","timeout occurred after 30 seconds while sending mail message"
"ERROR","web-0","05/11/2013","21:08:54","mail spooler","timeout occurred after 30 seconds while sending mail message"
"ERROR","web-0","05/11/2013","21:09:25","mail spooler","timeout occurred after 30 seconds while sending mail message"
"ERROR","web-0","05/11/2013","21:10:06","mail spooler","timeout occurred after 30 seconds while sending mail message"
"ERROR","web-0","05/11/2013","21:14:25","mail spooler","timeout occurred after 30 seconds while sending mail message"
"ERROR","web-0","05/11/2013","21:14:35","mail spooler","501 5.0.0 HELO requires domain address
"
"ERROR","web-0","05/11/2013","21:15:38","mail spooler","timeout occurred after 30 seconds while sending mail message"
"ERROR","web-0","05/11/2013","21:20:49","mail spooler","501 5.0.0 HELO requires domain address
"
"ERROR","web-0","05/11/2013","21:22:41","mail spooler","timeout occurred after 30 seconds while sending mail message"
"ERROR","web-0","05/11/2013","21:27:51","mail spooler","501 5.0.0 HELO requires domain address
"
"ERROR","web-0","05/11/2013","21:28:22","mail spooler","timeout occurred after 30 seconds while sending mail message"
"ERROR","web-0","05/11/2013","21:33:52","mail spooler","timeout occurred after 30 seconds while sending mail message"
"ERROR","web-0","05/12/2013","20:47:46","mail spooler","timeout occurred after 30 seconds while sending mail message"
"ERROR","web-0","05/12/2013","20:48:16","mail spooler","timeout occurred after 30 seconds while sending mail message"
"ERROR","web-0","05/12/2013","20:48:46","mail spooler","timeout occurred after 30 seconds while sending mail message"
"ERROR","web-0","05/12/2013","20:49:16","mail spooler","timeout occurred after 30 seconds while sending mail message"
"ERROR","web-0","05/12/2013","20:50:46","mail spooler","timeout occurred after 30 seconds while sending mail message"
"ERROR","web-0","05/12/2013","20:51:46","mail spooler","timeout occurred after 30 seconds while sending mail message"
"ERROR","web-0","05/12/2013","20:53:46","mail spooler","timeout occurred after 30 seconds while sending mail message"
"ERROR","web-0","05/12/2013","20:54:46","mail spooler","timeout occurred after 30 seconds while sending mail message"
"ERROR","web-0","05/12/2013","20:56:16","mail spooler","timeout occurred after 30 seconds while sending mail message"
"ERROR","web-0","07/05/2013","16:33:25","mail spooler","timeout occurred after 30 seconds while sending mail message"
